\BOOKMARK [1][-]{section.1}{Seminar\0401}{}% 1
\BOOKMARK [2][-]{subsection.1.1}{question\0401.26}{section.1}% 2
\BOOKMARK [1][-]{section.2}{Seminar\0402}{}% 3
\BOOKMARK [2][-]{subsection.2.1}{Exercise\0401.51\040}{section.2}% 4
\BOOKMARK [1][-]{section.3}{Seminar\0405}{}% 5
\BOOKMARK [2][-]{subsection.3.1}{Textbook\040J&R\040page\040149.\040and\040page\04011\040in\040seminar\0405\040solution}{section.3}% 6
\BOOKMARK [1][-]{section.4}{Previous\040exams\040-Econ\0403220/4220}{}% 7
\BOOKMARK [2][-]{subsection.4.1}{Econ\0403220/4220\040Exam\0402019}{section.4}% 8
\BOOKMARK [3][-]{subsubsection.4.1.1}{Q2.d\040PBE}{subsection.4.1}% 9
\BOOKMARK [2][-]{subsection.4.2}{Econ\0403220/4220\040Postponed\040exam\0402019}{section.4}% 10
\BOOKMARK [3][-]{subsubsection.4.2.1}{Q1.a\040Anastasia}{subsection.4.2}% 11
\BOOKMARK [3][-]{subsubsection.4.2.2}{Q1.b\040Anastasia}{subsection.4.2}% 12
\BOOKMARK [3][-]{subsubsection.4.2.3}{Q2.\040BoltNa}{subsection.4.2}% 13
\BOOKMARK [1][-]{section.5}{Previous\040exams\040-Econ\0403200/4200}{}% 14
\BOOKMARK [2][-]{subsection.5.1}{Fall\0402015}{section.5}% 15
\BOOKMARK [3][-]{subsubsection.5.1.1}{Q1.\040A.MRTS}{subsection.5.1}% 16
\BOOKMARK [2][-]{subsection.5.2}{Fall\0402017}{section.5}% 17
\BOOKMARK [3][-]{subsubsection.5.2.1}{Q8.\040Dominance}{subsection.5.2}% 18
\BOOKMARK [2][-]{subsection.5.3}{Fall\0402018}{section.5}% 19
\BOOKMARK [3][-]{subsubsection.5.3.1}{Q1.\040Cost\040function}{subsection.5.3}% 20
\BOOKMARK [3][-]{subsubsection.5.3.2}{Q3.\040Uncertainty}{subsection.5.3}% 21
\BOOKMARK [2][-]{subsection.5.4}{Spring\0402019}{section.5}% 22
