\BOOKMARK [1][-]{section.1}{Problem\0401\040-\040Simultaneous\040and\040sequential\040moves\040with\040complete\040information}{}% 1
\BOOKMARK [2][-]{subsection.1.1}{What\040is\040\(are\)\040each\040player's\040best\040response\(s\)\040for\040each\040of\040the\040possible\040demands\040for\040his/her\040opponent?}{section.1}% 2
\BOOKMARK [2][-]{subsection.1.2}{Find\040all\040the\040pure-strategy\040Nash\040equilibria}{section.1}% 3
\BOOKMARK [2][-]{subsection.1.3}{Explain\040what\040a\040strategy\040is\040for\040player\0402\040in\040this\040game\040with\040sequential\040moves.}{section.1}% 4
\BOOKMARK [2][-]{subsection.1.4}{Find\040all\040the\040pure-strategy\040Nash\040equilibrium\040outcomes.\040}{section.1}% 5
\BOOKMARK [2][-]{subsection.1.5}{Find\040all\040the\040pure-strategy\040subgame\040perfect\040equilibria.}{section.1}% 6
\BOOKMARK [1][-]{section.2}{Problem\0402\040-\040Best\040response\040sets}{}% 7
\BOOKMARK [2][-]{subsection.2.1}{BR1\(2\)\040for\0402\040=\040\(1/6,1/3,1/2\)}{section.2}% 8
\BOOKMARK [2][-]{subsection.2.2}{BR2\(1\)\040for\0401\040=\040\(1/6,1/3,1/2\)}{section.2}% 9
\BOOKMARK [2][-]{subsection.2.3}{BR1\(2\)\040for\0402\040=\040\(1/4,1/8,5/8\)}{section.2}% 10
\BOOKMARK [2][-]{subsection.2.4}{BR1\(2\)\040for\0402\040=\040\(1/3,1/3,1/3\)}{section.2}% 11
\BOOKMARK [2][-]{subsection.2.5}{BR2\(1\)\040for\0401\040=\040\(1/2,1/2,0\)}{section.2}% 12
\BOOKMARK [1][-]{section.3}{Problem\0403}{}% 13
\BOOKMARK [2][-]{subsection.3.1}{\376\377\000C\000a\000l\000c\000u\000l\000a\000t\000e\000\040\000a\000n\000d\000\040\000g\000r\000a\000p\000h\000\040\000e\000a\000c\000h\000\040\000p\000l\000a\000y\000e\000r\040\031\000s\000\040\000b\000e\000s\000t\000-\000r\000e\000s\000p\000o\000n\000s\000e\000\040\000f\000u\000n\000c\000t\000i\000o\000n\000\040\000a\000s\000\040\000a\000\040\000f\000u\000n\000c\000t\000i\000o\000n\000\040\000o\000f\000\040\000t\000h\000e\000\040\000o\000p\000p\000o\000s\000i\000n\000g\000\040\000p\000l\000a\000y\000e\000r\040\031\000s\000\040\000p\000u\000r\000e\000\040\000s\000t\000r\000a\000t\000e\000g\000y\000.}{section.3}% 14
\BOOKMARK [2][-]{subsection.3.2}{Find\040and\040report\040the\040Nash\040equilibria\040of\040the\040game.}{section.3}% 15
\BOOKMARK [2][-]{subsection.3.3}{Determine\040the\040rationalizable\040strategy\040profiles\040for\040this\040game.}{section.3}% 16
\BOOKMARK [1][-]{section.4}{Problem\0404\040-\040True\040or\040False?}{}% 17
\BOOKMARK [1][-]{section.5}{Problem\0405-\040Firm-union\040bargaining}{}% 18
\BOOKMARK [2][-]{subsection.5.1}{Formulate\040this\040situation\040as\040an\040extensive\040game\040with\040perfect\040information.\040}{section.5}% 19
\BOOKMARK [2][-]{subsection.5.2}{Find\040the\040subgame\040perfect\040equilibrium\040\(equilibria?\)\040of\040the\040game.}{section.5}% 20
\BOOKMARK [2][-]{subsection.5.3}{Is\040there\040an\040outcome\040of\040the\040game\040that\040both\040parties\040prefer\040to\040any\040subgame\040perfect\040equilibrium\040outcome?\040}{section.5}% 21
\BOOKMARK [2][-]{subsection.5.4}{Find\040a\040Nash\040equilibrium\040for\040which\040the\040outcome\040differs\040from\040any\040subgame\040perfect\040equilbrium\040outcome.}{section.5}% 22
